.WiFi connected
IP address: 
192.168.11.107
Attempting MQTT connection...Physiradio connected to MQTT server
Initialized scheduler
added api task
added stream task
added mqtt task
Enabled stream task
Enabled mqtt task
Connecting to Web radio...
+++ rssi:-49
Radio Connection failed
Reconnecting for audio stream...
Reconnecting for audio stream...
Reconnecting for audio stream...
Radio 6 - LoFi -> Rain/Drizzle/Cloud/Fog  + High humidity
+++ rssi:-49
Requesting stream: /stream2
Fading Volume....
Lofi hip hop radio(lfhh.org)
API task Disabled
Radio 1 - Classical -> Smoke/Mist 
+++ rssi:-51
Requesting stream: /;
Fading Volume....
Chroma Classical - solo classical music
Volume +1
VOLUME : 86.20
Volume +1
VOLUME : 87.20
Volume +1
VOLUME : 88.20
Volume +1
VOLUME : 89.20
Volume +1
VOLUME : 90.20
Volume +1
VOLUME : 91.20
Volume +1
VOLUME : 92.20
Volume +1
VOLUME : 93.20
Volume +1
VOLUME : 94.20
Volume +1
VOLUME : 95.20
Radio 1 - Classical -> Smoke/Mist 
+++ rssi:-52
Requesting stream: /;
Fading Volume....
Chroma Classical - solo classical music
Radio 2 - Metal -> Clear(sun) + High humidity 
+++ rssi:-53
Requesting stream: /;
Fading Volume....
CHROMA METAL - solo metal
Volume +1
VOLUME : 96.40
Volume +1
VOLUME : 97.40
Volume +1
VOLUME : 98.40
Volume +1
VOLUME : 99.40
Volume +1
VOLUME : 100.00
Volume +1
VOLUME : 100.00
Volume +1
VOLUME : 100.00
Volume -1
VOLUME : 99.00
Volume -1
VOLUME : 98.00
..WiFi connected
IP address: 
192.168.11.107
Attempting MQTT connection...Physiradio connected to MQTT server
Initialized scheduler
added api task
added stream task
added mqtt task
Enabled stream task
Enabled mqtt task
Connecting to Web radio...
+++ rssi:-49
Radio Connection failed
Reconnecting for audio stream...
Reconnecting for audio stream...
Reconnecting for audio stream...
Reconnecting for audio stream...
Reconnecting for audio stream...
Reconnecting for audio stream...
Reconnecting for audio stream...
Reconnecting for audio stream...
Reconnecting for audio stream...
Reconnecting for audio stream...
Reconnecting for audio stream...
Reconnecting for audio stream...
Reconnecting for audio stream...
Reconnecting for audio stream...
Reconnecting for audio stream...
Reconnecting for audio stream...
Reconnecting for audio stream...
Reconnecting for audio stream...
Reconnecting for audio stream...
Reconnecting for audio stream...
Reconnecting for audio stream...
Reconnecting for audio stream...
Reconnecting for audio stream...
Reconnecting for audio stream...
Reconnecting for audio stream...
Reconnecting for audio stream...
Reconnecting for audio stream...
Reconnecting for audio stream...
Reconnecting for audio stream...
Reconnecting for audio stream...
Reconnecting for audio stream...
Reconnecting for audio stream...
Reconnecting for audio stream...
Reconnecting for audio stream...
Reconnecting for audio stream...
Reconnecting for audio stream...
Reconnecting for audio stream...
Reconnecting for audio stream...
Reconnecting for audio stream...
Reconnecting for audio stream...
Reconnecting for audio stream...
Reconnecting for audio stream...
Reconnecting for audio stream...
Reconnecting for audio stream...
Reconnecting for audio stream...
Reconnecting for audio stream...
Reconnecting for audio stream...
Reconnecting for audio stream...
Reconnecting for audio stream...
Reconnecting for audio stream...
Reconnecting for audio stream...
Reconnecting for audio stream...
Reconnecting for audio stream...
Reconnecting for audio stream...
Reconnecting for audio stream...
Reconnecting for audio stream...
Reconnecting for audio stream...
Reconnecting for audio stream...
Reconnecting for audio stream...
Reconnecting for audio stream...
Reconnecting for audio stream...
Reconnecting for audio stream...
Reconnecting for audio stream...
Reconnecting for audio stream...
Reconnecting for audio stream...
Reconnecting for audio stream...
Reconnecting for audio stream...
Reconnecting for audio stream...
Reconnecting for audio stream...
Reconnecting for audio stream...
Reconnecting for audio stream...
Reconnecting for audio stream...
Reconnecting for audio stream...
Reconnecting for audio stream...
Reconnecting for audio stream...
Reconnecting for audio stream...
Reconnecting for audio stream...
Reconnecting for audio stream...
Reconnecting for audio stream...
Reconnecting for audio stream...
Reconnecting for audio stream...
Reconnecting for audio stream...
Reconnecting for audio stream...
Reconnecting for audio stream...
Reconnecting for audio stream...
Reconnecting for audio stream...
Reconnecting for audio stream...
Reconnecting for audio stream...
Reconnecting for audio stream...
Reconnecting for audio stream...
Reconnecting for audio stream...
Reconnecting for audio stream...
Reconnecting for audio stream...
Reconnecting for audio stream...
Reconnecting for audio stream...
Reconnecting for audio stream...
Reconnecting for audio stream...
Reconnecting for audio stream...
Reconnecting for audio stream...
Reconnecting for audio stream...
Reconnecting for audio stream...
Reconnecting for audio stream...
Reconnecting for audio stream...
Reconnecting for audio stream...
Reconnecting for audio stream...
Reconnecting for audio stream...
Reconnecting for audio stream...
Reconnecting for audio stream...
Reconnecting for audio stream...
Reconnecting for audio stream...
Reconnecting for audio stream...
Reconnecting for audio stream...
Reconnecting for audio stream...
Reconnecting for audio stream...
Reconnecting for audio stream...
Reconnecting for audio stream...
Reconnecting for audio stream...
Reconnecting for audio stream...
Reconnecting for audio stream...
Reconnecting for audio stream...
Reconnecting for audio stream...
Reconnecting for audio stream...
Reconnecting for audio stream...
Reconnecting for audio stream...
Reconnecting for audio stream...
Reconnecting for audio stream...
Reconnecting for audio stream...
Reconnecting for audio stream...
Reconnecting for audio stream...
Reconnecting for audio stream...
Reconnecting for audio stream...
Reconnecting for audio stream...
Reconnecting for audio stream...
Reconnecting for audio stream...
Reconnecting for audio stream...
Reconnecting for audio stream...
Reconnecting for audio stream...
Reconnecting for audio stream...
Reconnecting for audio stream...
Reconnecting for audio stream...
Reconnecting for audio stream...
Reconnecting for audio stream...
Reconnecting for audio stream...
Reconnecting for audio stream...
Reconnecting for audio stream...
Reconnecting for audio stream...
Reconnecting for audio stream...
Reconnecting for audio stream...
Reconnecting for audio stream...
Reconnecting for audio stream...
Reconnecting for audio stream...
Reconnecting for audio stream...
Reconnecting for audio stream...
Reconnecting for audio stream...
Reconnecting for audio stream...
Reconnecting for audio stream...
Reconnecting for audio stream...
Reconnecting for audio stream...
Reconnecting for audio stream...
Reconnecting for audio stream...
Reconnecting for audio stream...
Reconnecting for audio stream...
Reconnecting for audio stream...
Reconnecting for audio stream...
Reconnecting for audio stream...
Reconnecting for audio stream...
Reconnecting for audio stream...
Reconnecting for audio stream...
Reconnecting for audio stream...
Reconnecting for audio stream...
Reconnecting for audio stream...
Reconnecting for audio stream...
Reconnecting for audio stream...
Reconnecting for audio stream...
Reconnecting for audio stream...
Reconnecting for audio stream...
Reconnecting for audio stream...
API task Disabled
Reconnecting for audio stream...
Reconnecting for audio stream...
Reconnecting for audio stream...
Reconnecting for audio stream...
Reconnecting for audio stream...
Reconnecting for audio stream...
Reconnecting for audio stream...
Reconnecting for audio stream...
Reconnecting for audio stream...
Reconnecting for audio stream...
Reconnecting for audio stream...
Reconnecting for audio stream...
Reconnecting for audio stream...
Reconnecting for audio stream...
Reconnecting for audio stream...
Reconnecting for audio stream...
Reconnecting for audio stream...
Reconnecting for audio stream...
Reconnecting for audio stream...
Reconnecting for audio stream...
Reconnecting for audio stream...
Reconnecting for audio stream...
Reconnecting for audio stream...
Reconnecting for audio stream...
Reconnecting for audio stream...
Reconnecting for audio stream...
Reconnecting for audio stream...
Reconnecting for audio stream...
Reconnecting for audio stream...
Reconnecting for audio stream...
Reconnecting for audio stream...
Reconnecting for audio stream...
Reconnecting for audio stream...
Reconnecting for audio stream...
Reconnecting for audio stream...
Reconnecting for audio stream...
Reconnecting for audio stream...
Reconnecting for audio stream...
Reconnecting for audio stream...
Reconnecting for audio stream...
Reconnecting for audio stream...
Reconnecting for audio stream...
Reconnecting for audio stream...
Reconnecting for audio stream...
Reconnecting for audio stream...
Reconnecting for audio stream...
Reconnecting for audio stream...
Reconnecting for audio stream...
Reconnecting for audio stream...
Reconnecting for audio stream...
Reconnecting for audio stream...
Reconnecting for audio stream...
Reconnecting for audio stream...
Reconnecting for audio stream...
Reconnecting for audio stream...
Reconnecting for audio stream...
Reconnecting for audio stream...
Reconnecting for audio stream...
Reconnecting for audio stream...
Reconnecting for audio stream...
Reconnecting for audio stream...
Reconnecting for audio stream...
Reconnecting for audio stream...
Reconnecting for audio stream...
Reconnecting for audio stream...
Reconnecting for audio stream...
Reconnecting for audio stream...
Reconnecting for audio stream...
Reconnecting for audio stream...
Reconnecting for audio stream...
Reconnecting for audio stream...
Reconnecting for audio stream...
Reconnecting for audio stream...
Reconnecting for audio stream...
Reconnecting for audio stream...
Reconnecting for audio stream...
Reconnecting for audio stream...
Reconnecting for audio stream...
Reconnecting for audio stream...
Reconnecting for audio stream...
Reconnecting for audio stream...
Reconnecting for audio stream...
Reconnecting for audio stream...
Reconnecting for audio stream...
Reconnecting for audio stream...
Reconnecting for audio stream...
Reconnecting for audio stream...
Reconnecting for audio stream...
Reconnecting for audio stream...
Reconnecting for audio stream...
Reconnecting for audio stream...
Reconnecting for audio stream...
Reconnecting for audio stream...
Reconnecting for audio stream...
Reconnecting for audio stream...
Reconnecting for audio stream...
Reconnecting for audio stream...
Reconnecting for audio stream...
Reconnecting for audio stream...
Reconnecting for audio stream...
Reconnecting for audio stream...
Reconnecting for audio stream...
Reconnecting for audio stream...
Reconnecting for audio stream...
Reconnecting for audio stream...
Reconnecting for audio stream...
Reconnecting for audio stream...
Reconnecting for audio stream...
Reconnecting for audio stream...
Reconnecting for audio stream...
Reconnecting for audio stream...
Reconnecting for audio stream...
Reconnecting for audio stream...
Reconnecting for audio stream...
Reconnecting for audio stream...
Reconnecting for audio stream...
Reconnecting for audio stream...
Reconnecting for audio stream...
Reconnecting for audio stream...
Reconnecting for audio stream...
Reconnecting for audio stream...
Reconnecting for audio stream...
Reconnecting for audio stream...
Reconnecting for audio stream...
Reconnecting for audio stream...
Reconnecting for audio stream...
Reconnecting for audio stream...
Reconnecting for audio stream...
Reconnecting for audio stream...
Reconnecting for audio stream...
Reconnecting for audio stream...
Reconnecting for audio stream...
Reconnecting for audio stream...
Reconnecting for audio stream...
Reconnecting for audio stream...
Reconnecting for audio stream...
Reconnecting for audio stream...
Reconnecting for audio stream...
Reconnecting for audio stream...
Reconnecting for audio stream...
Reconnecting for audio stream...
Reconnecting for audio stream...
Reconnecting for audio stream...
Reconnecting for audio stream...
Reconnecting for audio stream...
Reconnecting for audio stream...
Reconnecting for audio stream...
Reconnecting for audio stream...
Reconnecting for audio stream...
Reconnecting for audio stream...
Reconnecting for audio stream...
Reconnecting for audio stream...
Reconnecting for audio stream...
Reconnecting for audio stream...
Reconnecting for audio stream...
Reconnecting for audio stream...
Reconnecting for audio stream...
Reconnecting for audio stream...
Reconnecting for audio stream...
Reconnecting for audio stream...
Reconnecting for audio stream...
Reconnecting for audio stream...
Reconnecting for audio stream...
Reconnecting for audio stream...
Reconnecting for audio stream...
Reconnecting for audio stream...
Reconnecting for audio stream...
Reconnecting for audio stream...
Reconnecting for audio stream...
Reconnecting for audio stream...
Reconnecting for audio stream...
Reconnecting for audio stream...
Reconnecting for audio stream...
Reconnecting for audio stream...
Reconnecting for audio stream...
Reconnecting for audio stream...
Reconnecting for audio stream...
Reconnecting for audio stream...
Reconnecting for audio stream...
Reconnecting for audio stream...
Reconnecting for audio stream...
Reconnecting for audio stream...
Reconnecting for audio stream...
Reconnecting for audio stream...
Reconnecting for audio stream...
Reconnecting for audio stream...
Reconnecting for audio stream...
Reconnecting for audio stream...
Reconnecting for audio stream...
Reconnecting for audio stream...
Reconnecting for audio stream...
Reconnecting for audio stream...
Reconnecting for audio stream...
Reconnecting for audio stream...
Reconnecting for audio stream...
Reconnecting for audio stream...
Reconnecting for audio stream...
Reconnecting for audio stream...
Reconnecting for audio stream...
Reconnecting for audio stream...
Reconnecting for audio stream...
Reconnecting for audio stream...
Reconnecting for audio stream...
Reconnecting for audio stream...
Reconnecting for audio stream...
Reconnecting for audio stream...
Reconnecting for audio stream...
Reconnecting for audio stream...
Reconnecting for audio stream...
Reconnecting for audio stream...
Reconnecting for audio stream...
Reconnecting for audio stream...
Reconnecting for audio stream...
Reconnecting for audio stream...
Reconnecting for audio stream...
Reconnecting for audio stream...
Reconnecting for audio stream...
Reconnecting for audio stream...
Reconnecting for audio stream...
Radio 1 - Classical -> Smoke/Mist 
+++ rssi:-54
Requesting stream: /;
Fading Volume....
Chroma Classical - solo classical music
Radio 2 - Metal -> Clear(sun) + High humidity 
+++ rssi:-52
Requesting stream: /;
Fading Volume....
CHROMA METAL - solo metal
Volume +1
VOLUME : 86.20
Volume +1
VOLUME : 87.20
Radio 3 - SmoothJazz -> Rain/Drizzle/Cloud/Fog  + low humidity
+++ rssi:-51
Requesting stream: /;
Fading Volume....
Chroma Smooth Jazz:
Radio 4 - SummerHits -> Sunny + low humidity
+++ rssi:-54
Requesting stream: /energysummer-high.mp3
Fading Volume....
Energy rsi Summer
Radio 5 - ExtremeMetal -> Thunderstorm/Tornado...
+++ rssi:-52
Requesting stream: /;
Fading Volume....
Radio Caprice - Brutal Death Metal
Radio 6 - LoFi -> Rain/Drizzle/Cloud/Fog  + High humidity
+++ rssi:-50
Requesting stream: /stream2
Fading Volume....
Lofi hip hop radio(lfhh.org)
Volume +1
VOLUME : 88.30
Volume +1
VOLUME : 89.30
Volume +1
VOLUME : 90.30
Volume +1
VOLUME : 91.30
Radio 6 - LoFi -> Rain/Drizzle/Cloud/Fog  + High humidity
+++ rssi:-54
Requesting stream: /stream2
Fading Volume....
Lofi hip hop radio(lfhh.org)
Radio 7 - Xmas Songs -> Snow
+++ rssi:-52
Requesting stream: /;
Fading Volume....
Chroma Christmas - solo Xmas songs
Volume -1
VOLUME : 90.50
Volume -1
VOLUME : 89.50
