\BOOKMARK [0][-]{chapter.1}{Introduzione}{}% 1
\BOOKMARK [1][-]{section.1.1}{Data\040Physicalization}{chapter.1}% 2
\BOOKMARK [1][-]{section.1.2}{Analisi\040degli\040studi}{chapter.1}% 3
\BOOKMARK [1][-]{section.1.3}{Open\040Data}{chapter.1}% 4
\BOOKMARK [2][-]{subsection.1.3.1}{OpenWeatherMap\040e\040la\040scelta\040delle\040condizioni\040meteorologiche}{section.1.3}% 5
\BOOKMARK [1][-]{section.1.4}{``Musicalization'':\040il\040processo\040di\040physicalization\040tramite\040la\040musica}{chapter.1}% 6
\BOOKMARK [2][-]{subsection.1.4.1}{Aggiunta\040del\040colore\040alla\040fisicalizzazione}{section.1.4}% 7
\BOOKMARK [1][-]{section.1.5}{Il\040mapping\040attuato}{chapter.1}% 8
\BOOKMARK [1][-]{section.1.6}{IoT}{chapter.1}% 9
\BOOKMARK [2][-]{subsection.1.6.1}{La\040scelta\040di\040sfruttare\040l'IoT\040come\040base\040per\040la\040realizzazione\040di\040una\040fisicalizzazione}{section.1.6}% 10
\BOOKMARK [0][-]{chapter.2}{Physiradio:\040ideazione\040e\040realizzazione\040del\040device}{}% 11
\BOOKMARK [1][-]{section.2.1}{Componenti\040Hardware}{chapter.2}% 12
\BOOKMARK [2][-]{subsection.2.1.1}{Scheda\040embedded}{section.2.1}% 13
\BOOKMARK [2][-]{subsection.2.1.2}{Decodificatore\040audio}{section.2.1}% 14
\BOOKMARK [2][-]{subsection.2.1.3}{Speaker\040e\040striscia\040led}{section.2.1}% 15
\BOOKMARK [2][-]{subsection.2.1.4}{Schema\040cablaggio}{section.2.1}% 16
\BOOKMARK [1][-]{section.2.2}{Software\040implementati\040e\040utilizzati}{chapter.2}% 17
\BOOKMARK [2][-]{subsection.2.2.1}{Il\040protocollo\040MQTT}{section.2.2}% 18
\BOOKMARK [2][-]{subsection.2.2.2}{Libreria\040TaskScheduler}{section.2.2}% 19
\BOOKMARK [2][-]{subsection.2.2.3}{Descrizione\040dell'interazione\040con\040il\040device}{section.2.2}% 20
\BOOKMARK [2][-]{subsection.2.2.4}{Physiradio\040MQTT\040Interface:\040applicazione\040per\040interagire\040col\040device}{section.2.2}% 21
\BOOKMARK [0][-]{chapter.3}{Field\040testing\040e\040analisi\040feedback}{}% 22
\BOOKMARK [1][-]{subsection.3.0.1}{Somministrazione\040con\040questionario}{chapter.3}% 23
\BOOKMARK [2][-]{subsection.3.0.2}{Analisi\040dei\040feedback}{subsection.3.0.1}% 24
\BOOKMARK [0][-]{chapter.4}{Conclusioni\040e\040futuri\040sviluppi}{}% 25
\BOOKMARK [0][-]{appendix.Alph1}{Codice\040implementazione\040protocollo\040MQTT}{}% 26
\BOOKMARK [0][-]{appendix.Alph2}{Codice\040implementazione\040cooperative\040multitasking}{}% 27
