API task Disabled
Volume +1
VOLUME : 81.50
Volume +1
VOLUME : 82.50
Volume +1
VOLUME : 83.50
Volume +1
VOLUME : 84.50
Volume +1
VOLUME : 85.50
Volume +1
VOLUME : 86.50
Volume +1
VOLUME : 87.50
Volume +1
VOLUME : 88.50
Volume +1
VOLUME : 89.50
Volume +1
VOLUME : 90.50
Volume +1
VOLUME : 91.50
Volume +1
VOLUME : 92.50
Radio 1 - Classical -> Smoke/Mist 
+++ rssi:-53
Requesting stream: /;
Fading Volume....
Chroma Classical - solo classical music
Volume +1
VOLUME : 93.70
Volume +1
VOLUME : 94.70
Volume +1
VOLUME : 95.70
Volume +1
VOLUME : 96.70
Volume +1
VOLUME : 97.70
Volume +1
VOLUME : 98.70
Volume +1
VOLUME : 99.70
Volume +1
VOLUME : 100.00
Volume +1
VOLUME : 100.00
Volume +1
VOLUME : 100.00
Volume +1
VOLUME : 100.00
Volume -1
VOLUME : 99.00
Volume -1
VOLUME : 98.00
Volume -1
VOLUME : 97.00
Volume -1
VOLUME : 96.00
Volume -1
VOLUME : 95.00
Volume -1
VOLUME : 94.00
Volume -1
VOLUME : 93.00
Volume -1
VOLUME : 92.00
Volume -1
VOLUME : 91.00
Volume -1
VOLUME : 90.00
Radio 2 - Metal -> Clear(sun) + High humidity 
+++ rssi:-52
Requesting stream: /;
Fading Volume....
CHROMA METAL - solo metal
Radio 4 - SummerHits -> Sunny + low humidity
+++ rssi:-49
Requesting stream: /energysummer-high.mp3
Fading Volume....
Energy rsi Summer
Radio 5 - ExtremeMetal -> Thunderstorm/Tornado...
+++ rssi:-51
Requesting stream: /;
Fading Volume....
Radio Caprice - Brutal Death Metal
Volume +1
VOLUME : 91.00
Volume +1
VOLUME : 92.00
Volume +1
VOLUME : 93.00
Volume +1
VOLUME : 94.00
Radio 6 - LoFi -> Rain/Drizzle/Cloud/Fog  + High humidity
+++ rssi:-48
Requesting stream: /stream2
Fading Volume....
Lofi hip hop radio(lfhh.org)
Radio 7 - Xmas Songs -> Snow
+++ rssi:-48
Requesting stream: /;
Fading Volume....
Chroma Christmas - solo Xmas songs
Volume -1
VOLUME : 93.20
Volume -1
VOLUME : 92.20
Volume -1
VOLUME : 91.20
Volume -1
VOLUME : 90.20
Volume -1
VOLUME : 89.20
Radio 4 - SummerHits -> Sunny + low humidity
+++ rssi:-48
Requesting stream: /energysummer-high.mp3
Fading Volume....
Energy rsi Summer
Radio 5 - ExtremeMetal -> Thunderstorm/Tornado...
+++ rssi:-49
Requesting stream: /;
Fading Volume....
Radio Caprice - Brutal Death Metal
Radio 6 - LoFi -> Rain/Drizzle/Cloud/Fog  + High humidity
+++ rssi:-48
Requesting stream: /stream2
Fading Volume....
Lofi hip hop radio(lfhh.org)
Volume -1
VOLUME : 88.40
Volume -1
VOLUME : 87.40
Volume -1
VOLUME : 86.40
Volume -1
VOLUME : 85.40
Volume -1
VOLUME : 84.40
Volume -1
VOLUME : 83.40
Volume -1
VOLUME : 82.40
Volume -1
VOLUME : 81.40
Volume -1
VOLUME : 80.40
Volume -1
VOLUME : 79.40
Volume -1
VOLUME : 78.40
Volume -1
VOLUME : 77.40
Volume -1
VOLUME : 76.40
Volume -1
VOLUME : 75.40
Volume -1
VOLUME : 74.40
Volume -1
VOLUME : 73.40
Volume -1
VOLUME : 72.40
Volume -1
VOLUME : 71.40
Volume -1
VOLUME : 70.40
Volume -1
VOLUME : 69.40
Volume -1
VOLUME : 68.40
