Volume -1
VOLUME : 80.50
Volume -1
VOLUME : 79.50
Volume -1
VOLUME : 78.50
Volume -1
VOLUME : 77.50
Volume -1
VOLUME : 76.50
Volume -1
VOLUME : 75.50
Volume -1
VOLUME : 74.50
Volume -1
VOLUME : 73.50
Volume -1
VOLUME : 72.50
Volume -1
VOLUME : 71.50
Volume -1
VOLUME : 70.50
Radio 1 - Classical -> Smoke/Mist 
+++ rssi:-49
Requesting stream: /;
Fading Volume....
Chroma Classical - solo classical music
Volume +1
VOLUME : 71.80
Volume +1
VOLUME : 72.80
Volume +1
VOLUME : 73.80
Volume +1
VOLUME : 74.80
Volume +1
VOLUME : 75.80
Volume +1
VOLUME : 76.80
Volume +1
VOLUME : 77.80
Volume +1
VOLUME : 78.80
Volume +1
VOLUME : 79.80
Volume +1
VOLUME : 80.80
Volume +1
VOLUME : 81.80
Volume +1
VOLUME : 82.80
Volume +1
VOLUME : 83.80
Volume +1
VOLUME : 84.80
Volume +1
VOLUME : 85.80
Volume +1
VOLUME : 86.80
Volume +1
VOLUME : 87.80
Volume +1
VOLUME : 88.80
Volume +1
VOLUME : 89.80
Volume +1
VOLUME : 90.80
Volume -1
VOLUME : 89.80
Volume -1
VOLUME : 88.80
Radio 2 - Metal -> Clear(sun) + High humidity 
+++ rssi:-48
Requesting stream: /;
Fading Volume....
CHROMA METAL - solo metal
Radio 3 - SmoothJazz -> Rain/Drizzle/Cloud/Fog  + low humidity
+++ rssi:-49
Requesting stream: /;
Fading Volume....
