Volume +1
VOLUME : 81.40
Volume +1
VOLUME : 82.40
Volume +1
VOLUME : 83.40
Volume +1
VOLUME : 84.40
Volume +1
VOLUME : 85.40
Volume +1
VOLUME : 86.40
Volume +1
VOLUME : 87.40
Volume +1
VOLUME : 88.40
Volume +1
VOLUME : 89.40
Volume +1
VOLUME : 90.40
Volume +1
VOLUME : 91.40
Volume +1
VOLUME : 92.40
Volume +1
VOLUME : 93.40
Volume +1
VOLUME : 94.40
Volume -1
VOLUME : 93.40
Volume -1
VOLUME : 92.40
Volume -1
VOLUME : 91.40
Radio 1 - Classical -> Smoke/Mist 
+++ rssi:-49
Requesting stream: /;
Fading Volume....
Chroma Classical - solo classical music
Radio 2 - Metal -> Clear(sun) + High humidity 
+++ rssi:-51
Requesting stream: /;
Fading Volume....
CHROMA METAL - solo metal
Radio 3 - SmoothJazz -> Rain/Drizzle/Cloud/Fog  + low humidity
+++ rssi:-51
Requesting stream: /;
Fading Volume....
Chroma Smooth Jazz:	
Radio 4 - SummerHits -> Sunny + low humidity
+++ rssi:-51
Requesting stream: /energysummer-high.mp3
Fading Volume....
Energy rsi Summer
Radio 5 - ExtremeMetal -> Thunderstorm/Tornado...
+++ rssi:-52
Requesting stream: /;
Fading Volume....
Radio Caprice - Brutal Death Metal
Radio 6 - LoFi -> Rain/Drizzle/Cloud/Fog  + High humidity
+++ rssi:-51
Requesting stream: /stream2
Fading Volume....
Lofi hip hop radio(lfhh.org)
Radio 7 - Xmas Songs -> Snow
+++ rssi:-51
Requesting stream: /;
Fading Volume....
Chroma Christmas - solo Xmas songs
Radio 6 - LoFi -> Rain/Drizzle/Cloud/Fog  + High humidity
+++ rssi:-50
Requesting stream: /stream2
Fading Volume....
Lofi hip hop radio(lfhh.org)
Radio 1 - Classical -> Smoke/Mist 
+++ rssi:-50
Requesting stream: /;
Fading Volume....
Chroma Classical - solo classical music
Volume -1
VOLUME : 90.50
Volume -1
VOLUME : 89.50
Volume -1
VOLUME : 88.50
Volume -1
VOLUME : 87.50
Volume -1
VOLUME : 86.50
Volume -1
VOLUME : 85.50
Volume -1
VOLUME : 84.50
Volume -1
VOLUME : 83.50
Volume -1
VOLUME : 82.50
Volume -1
VOLUME : 81.50
Volume -1
VOLUME : 80.50
Volume -1
VOLUME : 79.50
Volume +1
VOLUME : 80.50
Volume +1
VOLUME : 81.50
